TN:
SF:src\Aluno.ts
FN:7,Aluno
FN:12,getNome
FN:16,setNome
FN:20,getMatricula
FN:24,setMatricula
FNF:5
FNH:5
FNDA:3,Aluno
FNDA:2,getNome
FNDA:1,setNome
FNDA:2,getMatricula
FNDA:1,setMatricula
DA:1,1
DA:2,1
DA:3,1
DA:4,1
DA:5,1
DA:6,1
DA:7,1
DA:8,3
DA:9,3
DA:10,3
DA:11,1
DA:12,1
DA:13,2
DA:14,2
DA:15,1
DA:16,1
DA:17,1
DA:18,1
DA:19,1
DA:20,1
DA:21,2
DA:22,2
DA:23,1
DA:24,1
DA:25,1
DA:26,1
DA:27,1
LF:27
LH:27
BRDA:7,0,0,3
BRDA:12,1,0,2
BRDA:16,2,0,1
BRDA:20,3,0,2
BRDA:24,4,0,1
BRF:5
BRH:5
end_of_record
TN:
SF:src\Livro.ts
FN:4,Livro
FN:8,getTitulo
FN:12,setTitulo
FNF:3
FNH:2
FNDA:1,Livro
FNDA:1,getTitulo
FNDA:0,setTitulo
DA:1,1
DA:2,1
DA:3,1
DA:4,1
DA:5,1
DA:6,1
DA:7,1
DA:8,1
DA:9,1
DA:10,1
DA:11,1
DA:12,1
DA:13,0
DA:14,0
DA:15,1
LF:15
LH:13
BRDA:4,0,0,1
BRDA:8,1,0,1
BRF:2
BRH:2
end_of_record
